2026-06-19 14:17:42,088 - __main__ - INFO - 🔄 Starting Intelligence Sharing
2026-06-19 14:17:42,089 - __main__ - INFO - Collecting GitHub Scanner intelligence...
2026-06-19 14:17:42,090 - __main__ - INFO - Collected scanner intelligence: 86 items
2026-06-19 14:17:42,090 - __main__ - INFO - Sharing intelligence with Atheon Main...
2026-06-19 14:17:42,090 - __main__ - ERROR - Failed to share with Atheon Main: 'str' object has no attribute 'get'
2026-06-19 14:17:42,090 - __main__ - INFO - Sharing intelligence with Atheon Benchmark...
2026-06-19 14:17:42,090 - __main__ - ERROR - Failed to share with Benchmark: 'str' object has no attribute 'get'
2026-06-19 14:17:42,090 - __main__ - INFO - Receiving external intelligence...
2026-06-19 14:17:42,090 - __main__ - INFO - Received external intelligence from Atheon projects
2026-06-19 14:17:42,090 - __main__ - INFO - Integrating intelligence...
2026-06-19 14:17:42,090 - __main__ - INFO - Integrated 0 enhanced patterns
2026-06-19 14:17:42,090 - __main__ - INFO - Validating sharing results...
2026-06-19 14:17:42,090 - __main__ - INFO - Sharing validation complete
2026-06-19 14:17:42,091 - __main__ - INFO - Saved sharing report to /nas/Temp/repos/Atheon-GitHub-Scanner/data/intelligence/shared/sharing_report_20260619_141742.json
2026-06-19 14:17:42,091 - __main__ - INFO - ✅ Intelligence Sharing Complete - Shared 2 items
2026-06-20 04:00:01,534 - __main__ - INFO - 🔄 Starting Intelligence Sharing
2026-06-20 04:00:01,534 - __main__ - INFO - 🔄 Starting Intelligence Sharing
2026-06-20 04:00:01,534 - __main__ - INFO - Collecting GitHub Scanner intelligence...
2026-06-20 04:00:01,534 - __main__ - INFO - Collecting GitHub Scanner intelligence...
2026-06-20 04:00:01,671 - __main__ - INFO - Collected scanner intelligence: 98 items
2026-06-20 04:00:01,671 - __main__ - INFO - Collected scanner intelligence: 98 items
2026-06-20 04:00:01,671 - __main__ - INFO - Sharing intelligence with Atheon Main...
2026-06-20 04:00:01,671 - __main__ - INFO - Sharing intelligence with Atheon Main...
2026-06-20 04:00:01,671 - __main__ - ERROR - Failed to share with Atheon Main: 'str' object has no attribute 'get'
2026-06-20 04:00:01,671 - __main__ - ERROR - Failed to share with Atheon Main: 'str' object has no attribute 'get'
2026-06-20 04:00:01,671 - __main__ - INFO - Sharing intelligence with Atheon Benchmark...
2026-06-20 04:00:01,671 - __main__ - INFO - Sharing intelligence with Atheon Benchmark...
2026-06-20 04:00:01,671 - __main__ - ERROR - Failed to share with Benchmark: 'str' object has no attribute 'get'
2026-06-20 04:00:01,671 - __main__ - ERROR - Failed to share with Benchmark: 'str' object has no attribute 'get'
2026-06-20 04:00:01,671 - __main__ - INFO - Receiving external intelligence...
2026-06-20 04:00:01,671 - __main__ - INFO - Receiving external intelligence...
2026-06-20 04:00:01,719 - __main__ - INFO - Received external intelligence from Atheon projects
2026-06-20 04:00:01,719 - __main__ - INFO - Received external intelligence from Atheon projects
2026-06-20 04:00:01,719 - __main__ - INFO - Integrating intelligence...
2026-06-20 04:00:01,719 - __main__ - INFO - Integrating intelligence...
2026-06-20 04:00:01,719 - __main__ - INFO - Integrated 0 enhanced patterns
2026-06-20 04:00:01,719 - __main__ - INFO - Integrated 0 enhanced patterns
2026-06-20 04:00:01,720 - __main__ - INFO - Validating sharing results...
2026-06-20 04:00:01,720 - __main__ - INFO - Validating sharing results...
2026-06-20 04:00:01,720 - __main__ - INFO - Sharing validation complete
2026-06-20 04:00:01,720 - __main__ - INFO - Sharing validation complete
2026-06-20 04:00:01,859 - __main__ - INFO - Saved sharing report to /nas/Temp/repos/Atheon-GitHub-Scanner/data/intelligence/shared/sharing_report_20260620_040001.json
2026-06-20 04:00:01,859 - __main__ - INFO - Saved sharing report to /nas/Temp/repos/Atheon-GitHub-Scanner/data/intelligence/shared/sharing_report_20260620_040001.json
2026-06-20 04:00:01,859 - __main__ - INFO - ✅ Intelligence Sharing Complete - Shared 2 items
2026-06-20 04:00:01,859 - __main__ - INFO - ✅ Intelligence Sharing Complete - Shared 2 items
🔄 Atheon GitHub Scanner - Intelligence Sharing Agent
============================================================

✅ Intelligence Sharing Complete!
   Date: 2026-06-20T04:00:01.720250
   Duration: 0.19s
   Total Intelligence Shared: 2
   Projects Updated: atheon_main, atheon_benchmark
   Security Patterns Shared: 1
   Performance Data Shared: 1
   Quality Insights Shared: 20
   Coordination Status: active
   Next Sharing: 2026-06-21T04:00:01.720264
